Determining if the pthread_create exist failed with the following output:
Change Dir: /home/riki/qtapp_ws/src/Ros_Qt5_Gui_App/obj-x86_64-linux-gnu/CMakeFiles/CMakeTmp

Run Build Command:"/usr/bin/make" "cmTC_22127/fast"
make[2]: Entering directory '/home/riki/qtapp_ws/src/Ros_Qt5_Gui_App/obj-x86_64-linux-gnu/CMakeFiles/CMakeTmp'
/usr/bin/make -f CMakeFiles/cmTC_22127.dir/build.make CMakeFiles/cmTC_22127.dir/build
make[3]: Entering directory '/home/riki/qtapp_ws/src/Ros_Qt5_Gui_App/obj-x86_64-linux-gnu/CMakeFiles/CMakeTmp'
Building C object CMakeFiles/cmTC_22127.dir/CheckSymbolExists.c.o
/usr/bin/cc    -g -O2 -fstack-protector-strong -Wformat -Werror=format-security -Wdate-time -D_FORTIFY_SOURCE=2     -o CMakeFiles/cmTC_22127.dir/CheckSymbolExists.c.o   -c /home/riki/qtapp_ws/src/Ros_Qt5_Gui_App/obj-x86_64-linux-gnu/CMakeFiles/CMakeTmp/CheckSymbolExists.c
Linking C executable cmTC_22127
/usr/bin/cmake -E cmake_link_script CMakeFiles/cmTC_22127.dir/link.txt --verbose=1
/usr/bin/cc  -g -O2 -fstack-protector-strong -Wformat -Werror=format-security -Wdate-time -D_FORTIFY_SOURCE=2      CMakeFiles/cmTC_22127.dir/CheckSymbolExists.c.o  -o cmTC_22127 -rdynamic 
CMakeFiles/cmTC_22127.dir/CheckSymbolExists.c.o: In function `main':
/home/riki/qtapp_ws/src/Ros_Qt5_Gui_App/obj-x86_64-linux-gnu/CMakeFiles/CMakeTmp/CheckSymbolExists.c:8: undefined reference to `pthread_create'
collect2: error: ld returned 1 exit status
CMakeFiles/cmTC_22127.dir/build.make:97: recipe for target 'cmTC_22127' failed
make[3]: *** [cmTC_22127] Error 1
make[3]: Leaving directory '/home/riki/qtapp_ws/src/Ros_Qt5_Gui_App/obj-x86_64-linux-gnu/CMakeFiles/CMakeTmp'
Makefile:126: recipe for target 'cmTC_22127/fast' failed
make[2]: *** [cmTC_22127/fast] Error 2
make[2]: Leaving directory '/home/riki/qtapp_ws/src/Ros_Qt5_Gui_App/obj-x86_64-linux-gnu/CMakeFiles/CMakeTmp'

File /home/riki/qtapp_ws/src/Ros_Qt5_Gui_App/obj-x86_64-linux-gnu/CMakeFiles/CMakeTmp/CheckSymbolExists.c:
/* */
#include <pthread.h>

int main(int argc, char** argv)
{
  (void)argv;
#ifndef pthread_create
  return ((int*)(&pthread_create))[argc];
#else
  (void)argc;
  return 0;
#endif
}

Determining if the function pthread_create exists in the pthreads failed with the following output:
Change Dir: /home/riki/qtapp_ws/src/Ros_Qt5_Gui_App/obj-x86_64-linux-gnu/CMakeFiles/CMakeTmp

Run Build Command:"/usr/bin/make" "cmTC_523d0/fast"
make[2]: Entering directory '/home/riki/qtapp_ws/src/Ros_Qt5_Gui_App/obj-x86_64-linux-gnu/CMakeFiles/CMakeTmp'
/usr/bin/make -f CMakeFiles/cmTC_523d0.dir/build.make CMakeFiles/cmTC_523d0.dir/build
make[3]: Entering directory '/home/riki/qtapp_ws/src/Ros_Qt5_Gui_App/obj-x86_64-linux-gnu/CMakeFiles/CMakeTmp'
Building C object CMakeFiles/cmTC_523d0.dir/CheckFunctionExists.c.o
/usr/bin/cc    -g -O2 -fstack-protector-strong -Wformat -Werror=format-security -Wdate-time -D_FORTIFY_SOURCE=2  -DCHECK_FUNCTION_EXISTS=pthread_create   -o CMakeFiles/cmTC_523d0.dir/CheckFunctionExists.c.o   -c /usr/share/cmake-3.5/Modules/CheckFunctionExists.c
Linking C executable cmTC_523d0
/usr/bin/cmake -E cmake_link_script CMakeFiles/cmTC_523d0.dir/link.txt --verbose=1
/usr/bin/cc  -g -O2 -fstack-protector-strong -Wformat -Werror=format-security -Wdate-time -D_FORTIFY_SOURCE=2  -DCHECK_FUNCTION_EXISTS=pthread_create    CMakeFiles/cmTC_523d0.dir/CheckFunctionExists.c.o  -o cmTC_523d0 -rdynamic -lpthreads 
/usr/bin/ld: cannot find -lpthreads
collect2: error: ld returned 1 exit status
CMakeFiles/cmTC_523d0.dir/build.make:97: recipe for target 'cmTC_523d0' failed
make[3]: *** [cmTC_523d0] Error 1
make[3]: Leaving directory '/home/riki/qtapp_ws/src/Ros_Qt5_Gui_App/obj-x86_64-linux-gnu/CMakeFiles/CMakeTmp'
Makefile:126: recipe for target 'cmTC_523d0/fast' failed
make[2]: *** [cmTC_523d0/fast] Error 2
make[2]: Leaving directory '/home/riki/qtapp_ws/src/Ros_Qt5_Gui_App/obj-x86_64-linux-gnu/CMakeFiles/CMakeTmp'


