2020-08-18 14:43:09,981 INFO  Logger.cs: 70 - 
--------------------------------------------------------------------------------
2020-08-18 14:43:10,013 INFO  Logger.cs: 71 - Logging commencing for SW2URDF exporter
2020-08-18 14:43:10,013 INFO  Logger.cs: 73 - Commit version 1.5.1-0-g916b5db
2020-08-18 14:43:10,013 INFO  Logger.cs: 74 - Build version 1.5.7152.31018
2020-08-18 14:43:10,028 INFO  SwAddin.cs: 250 - Adding Assembly export to file menu
2020-08-18 14:43:10,028 INFO  SwAddin.cs: 253 - Adding Part export to file menu
2020-08-18 14:43:10,044 INFO  SwAddin.cs: 218 - Connecting plugin to SolidWorks
2020-08-18 14:48:50,187 INFO  SwAddin.cs: 271 - Assembly export called for file ÂÄ´ø³µ×°ÅäÌå.SLDASM
2020-08-18 14:48:50,187 INFO  SwAddin.cs: 276 - Save is required
2020-08-18 14:48:50,187 INFO  SwAddin.cs: 290 - Saving assembly
2020-08-18 14:48:51,061 INFO  SwAddin.cs: 293 - Opening property manager
2020-08-18 14:48:51,076 INFO  ExportHelperExtension.cs: 1131 - Retrieving features of type [CoordSys] from ÂÄ´ø³µ×°ÅäÌå.SLDASM
2020-08-18 14:48:51,076 INFO  ExportHelperExtension.cs: 1142 - Found 115 in ÂÄ´ø³µ×°ÅäÌå.SLDASM
2020-08-18 14:48:51,092 INFO  ExportHelperExtension.cs: 1152 - Found 1 features of type [CoordSys] in ÂÄ´ø³µ×°ÅäÌå.SLDASM
2020-08-18 14:48:51,092 INFO  ExportHelperExtension.cs: 1155 - Proceeding through assembly components
2020-08-18 14:48:51,092 INFO  ExportHelperExtension.cs: 1167 - 26 components to check
2020-08-18 14:48:51,092 INFO  ExportHelperExtension.cs: 1131 - Retrieving features of type [CoordSys] from µ×°å-1
2020-08-18 14:48:51,092 INFO  ExportHelperExtension.cs: 1142 - Found 24 in µ×°å-1
2020-08-18 14:48:51,092 INFO  ExportHelperExtension.cs: 1152 - Found 0 features of type [CoordSys] in µ×°å-1
2020-08-18 14:48:51,092 INFO  ExportHelperExtension.cs: 1131 - Retrieving features of type [CoordSys] from ÂÄ´øÂÖ×Ó(×ó)-1
2020-08-18 14:48:51,092 INFO  ExportHelperExtension.cs: 1142 - Found 32 in ÂÄ´øÂÖ×Ó(×ó)-1
2020-08-18 14:48:51,092 INFO  ExportHelperExtension.cs: 1152 - Found 0 features of type [CoordSys] in ÂÄ´øÂÖ×Ó(×ó)-1
2020-08-18 14:48:51,092 INFO  ExportHelperExtension.cs: 1131 - Retrieving features of type [CoordSys] from ÂÄ´øÂÖ×Ó(ÓÒ)-2
2020-08-18 14:48:51,092 INFO  ExportHelperExtension.cs: 1142 - Found 32 in ÂÄ´øÂÖ×Ó(ÓÒ)-2
2020-08-18 14:48:51,092 INFO  ExportHelperExtension.cs: 1152 - Found 0 features of type [CoordSys] in ÂÄ´øÂÖ×Ó(ÓÒ)-2
2020-08-18 14:48:51,092 INFO  ExportHelperExtension.cs: 1131 - Retrieving features of type [CoordSys] from ÆÕÍ¨µç»ú-1
2020-08-18 14:48:51,092 INFO  ExportHelperExtension.cs: 1142 - Found 38 in ÆÕÍ¨µç»ú-1
2020-08-18 14:48:51,092 INFO  ExportHelperExtension.cs: 1152 - Found 0 features of type [CoordSys] in ÆÕÍ¨µç»ú-1
2020-08-18 14:48:51,092 INFO  ExportHelperExtension.cs: 1131 - Retrieving features of type [CoordSys] from ÆÕÍ¨µç»ú-2
2020-08-18 14:48:51,092 INFO  ExportHelperExtension.cs: 1142 - Found 38 in ÆÕÍ¨µç»ú-2
2020-08-18 14:48:51,092 INFO  ExportHelperExtension.cs: 1152 - Found 0 features of type [CoordSys] in ÆÕÍ¨µç»ú-2
2020-08-18 14:48:51,092 INFO  ExportHelperExtension.cs: 1131 - Retrieving features of type [CoordSys] from µç³Ø-1
2020-08-18 14:48:51,092 INFO  ExportHelperExtension.cs: 1142 - Found 27 in µç³Ø-1
2020-08-18 14:48:51,092 INFO  ExportHelperExtension.cs: 1152 - Found 0 features of type [CoordSys] in µç³Ø-1
2020-08-18 14:48:51,092 INFO  ExportHelperExtension.cs: 1131 - Retrieving features of type [CoordSys] from jetson_nano°å-1
2020-08-18 14:48:51,092 INFO  ExportHelperExtension.cs: 1142 - Found 41 in jetson_nano°å-1
2020-08-18 14:48:51,092 INFO  ExportHelperExtension.cs: 1152 - Found 0 features of type [CoordSys] in jetson_nano°å-1
2020-08-18 14:48:51,092 INFO  ExportHelperExtension.cs: 1131 - Retrieving features of type [CoordSys] from ³¬Éù²¨2-1
2020-08-18 14:48:51,092 INFO  ExportHelperExtension.cs: 1142 - Found 34 in ³¬Éù²¨2-1
2020-08-18 14:48:51,092 INFO  ExportHelperExtension.cs: 1152 - Found 0 features of type [CoordSys] in ³¬Éù²¨2-1
2020-08-18 14:48:51,108 INFO  ExportHelperExtension.cs: 1131 - Retrieving features of type [CoordSys] from ÃÔÄãÒôÏä-1
2020-08-18 14:48:51,108 INFO  ExportHelperExtension.cs: 1142 - Found 33 in ÃÔÄãÒôÏä-1
2020-08-18 14:48:51,108 INFO  ExportHelperExtension.cs: 1152 - Found 0 features of type [CoordSys] in ÃÔÄãÒôÏä-1
2020-08-18 14:48:51,108 INFO  ExportHelperExtension.cs: 1131 - Retrieving features of type [CoordSys] from ÉãÏñÍ·-1
2020-08-18 14:48:51,108 INFO  ExportHelperExtension.cs: 1142 - Found 36 in ÉãÏñÍ·-1
2020-08-18 14:48:51,108 INFO  ExportHelperExtension.cs: 1152 - Found 0 features of type [CoordSys] in ÉãÏñÍ·-1
2020-08-18 14:48:51,108 INFO  ExportHelperExtension.cs: 1131 - Retrieving features of type [CoordSys] from ÉãÏñÍ·ÑÓ³¤ÏßSLDPRT-1
2020-08-18 14:48:51,123 INFO  ExportHelperExtension.cs: 1142 - Found 30 in ÉãÏñÍ·ÑÓ³¤ÏßSLDPRT-1
2020-08-18 14:48:51,123 INFO  ExportHelperExtension.cs: 1152 - Found 0 features of type [CoordSys] in ÉãÏñÍ·ÑÓ³¤ÏßSLDPRT-1
2020-08-18 14:48:51,123 INFO  ExportHelperExtension.cs: 1131 - Retrieving features of type [CoordSys] from Ê÷Ý®ÅÉ-1
2020-08-18 14:48:51,123 INFO  ExportHelperExtension.cs: 1142 - Found 35 in Ê÷Ý®ÅÉ-1
2020-08-18 14:48:51,123 INFO  ExportHelperExtension.cs: 1152 - Found 0 features of type [CoordSys] in Ê÷Ý®ÅÉ-1
2020-08-18 14:48:51,123 INFO  ExportHelperExtension.cs: 1131 - Retrieving features of type [CoordSys] from ÓïÒôÄ£¿é-1
2020-08-18 14:48:51,123 INFO  ExportHelperExtension.cs: 1142 - Found 31 in ÓïÒôÄ£¿é-1
2020-08-18 14:48:51,123 INFO  ExportHelperExtension.cs: 1152 - Found 0 features of type [CoordSys] in ÓïÒôÄ£¿é-1
2020-08-18 14:48:51,123 INFO  ExportHelperExtension.cs: 1131 - Retrieving features of type [CoordSys] from A1-1
2020-08-18 14:48:51,123 INFO  ExportHelperExtension.cs: 1142 - Found 48 in A1-1
2020-08-18 14:48:51,123 INFO  ExportHelperExtension.cs: 1152 - Found 0 features of type [CoordSys] in A1-1
2020-08-18 14:48:51,123 INFO  ExportHelperExtension.cs: 1131 - Retrieving features of type [CoordSys] from ÂÄ´ø¶¥°å-1
2020-08-18 14:48:51,123 INFO  ExportHelperExtension.cs: 1142 - Found 48 in ÂÄ´ø¶¥°å-1
2020-08-18 14:48:51,123 INFO  ExportHelperExtension.cs: 1152 - Found 0 features of type [CoordSys] in ÂÄ´ø¶¥°å-1
2020-08-18 14:48:51,123 INFO  ExportHelperExtension.cs: 1131 - Retrieving features of type [CoordSys] from Á½ÇýX5-Çý¶¯°å-2
2020-08-18 14:48:51,123 INFO  ExportHelperExtension.cs: 1142 - Found 37 in Á½ÇýX5-Çý¶¯°å-2
2020-08-18 14:48:51,123 INFO  ExportHelperExtension.cs: 1152 - Found 0 features of type [CoordSys] in Á½ÇýX5-Çý¶¯°å-2
2020-08-18 14:48:51,123 INFO  ExportHelperExtension.cs: 1131 - Retrieving features of type [CoordSys] from ÂÄ´øÀ×´ï°å2-1
2020-08-18 14:48:51,123 INFO  ExportHelperExtension.cs: 1142 - Found 41 in ÂÄ´øÀ×´ï°å2-1
2020-08-18 14:48:51,123 INFO  ExportHelperExtension.cs: 1152 - Found 0 features of type [CoordSys] in ÂÄ´øÀ×´ï°å2-1
2020-08-18 14:48:51,123 INFO  ExportHelperExtension.cs: 1131 - Retrieving features of type [CoordSys] from Í­Öù50mm-1
2020-08-18 14:48:51,123 INFO  ExportHelperExtension.cs: 1142 - Found 23 in Í­Öù50mm-1
2020-08-18 14:48:51,123 INFO  ExportHelperExtension.cs: 1152 - Found 0 features of type [CoordSys] in Í­Öù50mm-1
2020-08-18 14:48:51,123 INFO  ExportHelperExtension.cs: 1131 - Retrieving features of type [CoordSys] from Í­Öù50mm-2
2020-08-18 14:48:51,123 INFO  ExportHelperExtension.cs: 1142 - Found 23 in Í­Öù50mm-2
2020-08-18 14:48:51,123 INFO  ExportHelperExtension.cs: 1152 - Found 0 features of type [CoordSys] in Í­Öù50mm-2
2020-08-18 14:48:51,123 INFO  ExportHelperExtension.cs: 1131 - Retrieving features of type [CoordSys] from Í­Öù50mm-3
2020-08-18 14:48:51,123 INFO  ExportHelperExtension.cs: 1142 - Found 23 in Í­Öù50mm-3
2020-08-18 14:48:51,123 INFO  ExportHelperExtension.cs: 1152 - Found 0 features of type [CoordSys] in Í­Öù50mm-3
2020-08-18 14:48:51,123 INFO  ExportHelperExtension.cs: 1131 - Retrieving features of type [CoordSys] from Í­Öù50mm-4
2020-08-18 14:48:51,123 INFO  ExportHelperExtension.cs: 1142 - Found 23 in Í­Öù50mm-4
2020-08-18 14:48:51,123 INFO  ExportHelperExtension.cs: 1152 - Found 0 features of type [CoordSys] in Í­Öù50mm-4
2020-08-18 14:48:51,123 INFO  ExportHelperExtension.cs: 1131 - Retrieving features of type [CoordSys] from ÂÄ´ø³µµ×°å-1
2020-08-18 14:48:51,123 INFO  ExportHelperExtension.cs: 1142 - Found 33 in ÂÄ´ø³µµ×°å-1
2020-08-18 14:48:51,123 INFO  ExportHelperExtension.cs: 1152 - Found 0 features of type [CoordSys] in ÂÄ´ø³µµ×°å-1
2020-08-18 14:48:51,123 INFO  ExportHelperExtension.cs: 1131 - Retrieving features of type [CoordSys] from Í­Öù50mm-5
2020-08-18 14:48:51,123 INFO  ExportHelperExtension.cs: 1142 - Found 23 in Í­Öù50mm-5
2020-08-18 14:48:51,139 INFO  ExportHelperExtension.cs: 1152 - Found 0 features of type [CoordSys] in Í­Öù50mm-5
2020-08-18 14:48:51,139 INFO  ExportHelperExtension.cs: 1131 - Retrieving features of type [CoordSys] from Í­Öù50mm-6
2020-08-18 14:48:51,139 INFO  ExportHelperExtension.cs: 1142 - Found 23 in Í­Öù50mm-6
2020-08-18 14:48:51,139 INFO  ExportHelperExtension.cs: 1152 - Found 0 features of type [CoordSys] in Í­Öù50mm-6
2020-08-18 14:48:51,139 INFO  ExportHelperExtension.cs: 1131 - Retrieving features of type [CoordSys] from Í­Öù50mm-8
2020-08-18 14:48:51,139 INFO  ExportHelperExtension.cs: 1142 - Found 23 in Í­Öù50mm-8
2020-08-18 14:48:51,139 INFO  ExportHelperExtension.cs: 1152 - Found 0 features of type [CoordSys] in Í­Öù50mm-8
2020-08-18 14:48:51,139 INFO  ExportHelperExtension.cs: 1131 - Retrieving features of type [CoordSys] from Í­Öù50mm-9
2020-08-18 14:48:51,139 INFO  ExportHelperExtension.cs: 1142 - Found 23 in Í­Öù50mm-9
2020-08-18 14:48:51,139 INFO  ExportHelperExtension.cs: 1152 - Found 0 features of type [CoordSys] in Í­Öù50mm-9
2020-08-18 14:48:51,139 INFO  ExportHelperExtension.cs: 1131 - Retrieving features of type [RefAxis] from ÂÄ´ø³µ×°ÅäÌå.SLDASM
2020-08-18 14:48:51,139 INFO  ExportHelperExtension.cs: 1142 - Found 115 in ÂÄ´ø³µ×°ÅäÌå.SLDASM
2020-08-18 14:48:51,139 INFO  ExportHelperExtension.cs: 1152 - Found 0 features of type [RefAxis] in ÂÄ´ø³µ×°ÅäÌå.SLDASM
2020-08-18 14:48:51,139 INFO  ExportHelperExtension.cs: 1155 - Proceeding through assembly components
2020-08-18 14:48:51,139 INFO  ExportHelperExtension.cs: 1167 - 26 components to check
2020-08-18 14:48:51,139 INFO  ExportHelperExtension.cs: 1131 - Retrieving features of type [RefAxis] from µ×°å-1
2020-08-18 14:48:51,139 INFO  ExportHelperExtension.cs: 1142 - Found 24 in µ×°å-1
2020-08-18 14:48:51,139 INFO  ExportHelperExtension.cs: 1152 - Found 0 features of type [RefAxis] in µ×°å-1
2020-08-18 14:48:51,139 INFO  ExportHelperExtension.cs: 1131 - Retrieving features of type [RefAxis] from ÂÄ´øÂÖ×Ó(×ó)-1
2020-08-18 14:48:51,139 INFO  ExportHelperExtension.cs: 1142 - Found 32 in ÂÄ´øÂÖ×Ó(×ó)-1
2020-08-18 14:48:51,139 INFO  ExportHelperExtension.cs: 1152 - Found 0 features of type [RefAxis] in ÂÄ´øÂÖ×Ó(×ó)-1
2020-08-18 14:48:51,139 INFO  ExportHelperExtension.cs: 1131 - Retrieving features of type [RefAxis] from ÂÄ´øÂÖ×Ó(ÓÒ)-2
2020-08-18 14:48:51,139 INFO  ExportHelperExtension.cs: 1142 - Found 32 in ÂÄ´øÂÖ×Ó(ÓÒ)-2
2020-08-18 14:48:51,139 INFO  ExportHelperExtension.cs: 1152 - Found 0 features of type [RefAxis] in ÂÄ´øÂÖ×Ó(ÓÒ)-2
2020-08-18 14:48:51,139 INFO  ExportHelperExtension.cs: 1131 - Retrieving features of type [RefAxis] from ÆÕÍ¨µç»ú-1
2020-08-18 14:48:51,139 INFO  ExportHelperExtension.cs: 1142 - Found 38 in ÆÕÍ¨µç»ú-1
2020-08-18 14:48:51,139 INFO  ExportHelperExtension.cs: 1152 - Found 0 features of type [RefAxis] in ÆÕÍ¨µç»ú-1
2020-08-18 14:48:51,139 INFO  ExportHelperExtension.cs: 1131 - Retrieving features of type [RefAxis] from ÆÕÍ¨µç»ú-2
2020-08-18 14:48:51,139 INFO  ExportHelperExtension.cs: 1142 - Found 38 in ÆÕÍ¨µç»ú-2
2020-08-18 14:48:51,139 INFO  ExportHelperExtension.cs: 1152 - Found 0 features of type [RefAxis] in ÆÕÍ¨µç»ú-2
2020-08-18 14:48:51,139 INFO  ExportHelperExtension.cs: 1131 - Retrieving features of type [RefAxis] from µç³Ø-1
2020-08-18 14:48:51,139 INFO  ExportHelperExtension.cs: 1142 - Found 27 in µç³Ø-1
2020-08-18 14:48:51,139 INFO  ExportHelperExtension.cs: 1152 - Found 0 features of type [RefAxis] in µç³Ø-1
2020-08-18 14:48:51,139 INFO  ExportHelperExtension.cs: 1131 - Retrieving features of type [RefAxis] from jetson_nano°å-1
2020-08-18 14:48:51,139 INFO  ExportHelperExtension.cs: 1142 - Found 41 in jetson_nano°å-1
2020-08-18 14:48:51,139 INFO  ExportHelperExtension.cs: 1152 - Found 0 features of type [RefAxis] in jetson_nano°å-1
2020-08-18 14:48:51,139 INFO  ExportHelperExtension.cs: 1131 - Retrieving features of type [RefAxis] from ³¬Éù²¨2-1
2020-08-18 14:48:51,139 INFO  ExportHelperExtension.cs: 1142 - Found 34 in ³¬Éù²¨2-1
2020-08-18 14:48:51,139 INFO  ExportHelperExtension.cs: 1152 - Found 0 features of type [RefAxis] in ³¬Éù²¨2-1
2020-08-18 14:48:51,139 INFO  ExportHelperExtension.cs: 1131 - Retrieving features of type [RefAxis] from ÃÔÄãÒôÏä-1
2020-08-18 14:48:51,154 INFO  ExportHelperExtension.cs: 1142 - Found 33 in ÃÔÄãÒôÏä-1
2020-08-18 14:48:51,154 INFO  ExportHelperExtension.cs: 1152 - Found 0 features of type [RefAxis] in ÃÔÄãÒôÏä-1
2020-08-18 14:48:51,154 INFO  ExportHelperExtension.cs: 1131 - Retrieving features of type [RefAxis] from ÉãÏñÍ·-1
2020-08-18 14:48:51,154 INFO  ExportHelperExtension.cs: 1142 - Found 36 in ÉãÏñÍ·-1
2020-08-18 14:48:51,154 INFO  ExportHelperExtension.cs: 1152 - Found 0 features of type [RefAxis] in ÉãÏñÍ·-1
2020-08-18 14:48:51,154 INFO  ExportHelperExtension.cs: 1131 - Retrieving features of type [RefAxis] from ÉãÏñÍ·ÑÓ³¤ÏßSLDPRT-1
2020-08-18 14:48:51,154 INFO  ExportHelperExtension.cs: 1142 - Found 30 in ÉãÏñÍ·ÑÓ³¤ÏßSLDPRT-1
2020-08-18 14:48:51,154 INFO  ExportHelperExtension.cs: 1152 - Found 0 features of type [RefAxis] in ÉãÏñÍ·ÑÓ³¤ÏßSLDPRT-1
2020-08-18 14:48:51,154 INFO  ExportHelperExtension.cs: 1131 - Retrieving features of type [RefAxis] from Ê÷Ý®ÅÉ-1
2020-08-18 14:48:51,154 INFO  ExportHelperExtension.cs: 1142 - Found 35 in Ê÷Ý®ÅÉ-1
2020-08-18 14:48:51,154 INFO  ExportHelperExtension.cs: 1152 - Found 0 features of type [RefAxis] in Ê÷Ý®ÅÉ-1
2020-08-18 14:48:51,154 INFO  ExportHelperExtension.cs: 1131 - Retrieving features of type [RefAxis] from ÓïÒôÄ£¿é-1
2020-08-18 14:48:51,154 INFO  ExportHelperExtension.cs: 1142 - Found 31 in ÓïÒôÄ£¿é-1
2020-08-18 14:48:51,154 INFO  ExportHelperExtension.cs: 1152 - Found 0 features of type [RefAxis] in ÓïÒôÄ£¿é-1
2020-08-18 14:48:51,154 INFO  ExportHelperExtension.cs: 1131 - Retrieving features of type [RefAxis] from A1-1
2020-08-18 14:48:51,154 INFO  ExportHelperExtension.cs: 1142 - Found 48 in A1-1
2020-08-18 14:48:51,154 INFO  ExportHelperExtension.cs: 1152 - Found 0 features of type [RefAxis] in A1-1
2020-08-18 14:48:51,154 INFO  ExportHelperExtension.cs: 1131 - Retrieving features of type [RefAxis] from ÂÄ´ø¶¥°å-1
2020-08-18 14:48:51,154 INFO  ExportHelperExtension.cs: 1142 - Found 48 in ÂÄ´ø¶¥°å-1
2020-08-18 14:48:51,154 INFO  ExportHelperExtension.cs: 1152 - Found 0 features of type [RefAxis] in ÂÄ´ø¶¥°å-1
2020-08-18 14:48:51,154 INFO  ExportHelperExtension.cs: 1131 - Retrieving features of type [RefAxis] from Á½ÇýX5-Çý¶¯°å-2
2020-08-18 14:48:51,154 INFO  ExportHelperExtension.cs: 1142 - Found 37 in Á½ÇýX5-Çý¶¯°å-2
2020-08-18 14:48:51,154 INFO  ExportHelperExtension.cs: 1152 - Found 0 features of type [RefAxis] in Á½ÇýX5-Çý¶¯°å-2
2020-08-18 14:48:51,154 INFO  ExportHelperExtension.cs: 1131 - Retrieving features of type [RefAxis] from ÂÄ´øÀ×´ï°å2-1
2020-08-18 14:48:51,154 INFO  ExportHelperExtension.cs: 1142 - Found 41 in ÂÄ´øÀ×´ï°å2-1
2020-08-18 14:48:51,154 INFO  ExportHelperExtension.cs: 1152 - Found 0 features of type [RefAxis] in ÂÄ´øÀ×´ï°å2-1
2020-08-18 14:48:51,154 INFO  ExportHelperExtension.cs: 1131 - Retrieving features of type [RefAxis] from Í­Öù50mm-1
2020-08-18 14:48:51,154 INFO  ExportHelperExtension.cs: 1142 - Found 23 in Í­Öù50mm-1
2020-08-18 14:48:51,154 INFO  ExportHelperExtension.cs: 1152 - Found 0 features of type [RefAxis] in Í­Öù50mm-1
2020-08-18 14:48:51,154 INFO  ExportHelperExtension.cs: 1131 - Retrieving features of type [RefAxis] from Í­Öù50mm-2
2020-08-18 14:48:51,154 INFO  ExportHelperExtension.cs: 1142 - Found 23 in Í­Öù50mm-2
2020-08-18 14:48:51,154 INFO  ExportHelperExtension.cs: 1152 - Found 0 features of type [RefAxis] in Í­Öù50mm-2
2020-08-18 14:48:51,154 INFO  ExportHelperExtension.cs: 1131 - Retrieving features of type [RefAxis] from Í­Öù50mm-3
2020-08-18 14:48:51,154 INFO  ExportHelperExtension.cs: 1142 - Found 23 in Í­Öù50mm-3
2020-08-18 14:48:51,154 INFO  ExportHelperExtension.cs: 1152 - Found 0 features of type [RefAxis] in Í­Öù50mm-3
2020-08-18 14:48:51,154 INFO  ExportHelperExtension.cs: 1131 - Retrieving features of type [RefAxis] from Í­Öù50mm-4
2020-08-18 14:48:51,154 INFO  ExportHelperExtension.cs: 1142 - Found 23 in Í­Öù50mm-4
2020-08-18 14:48:51,154 INFO  ExportHelperExtension.cs: 1152 - Found 0 features of type [RefAxis] in Í­Öù50mm-4
2020-08-18 14:48:51,154 INFO  ExportHelperExtension.cs: 1131 - Retrieving features of type [RefAxis] from ÂÄ´ø³µµ×°å-1
2020-08-18 14:48:51,154 INFO  ExportHelperExtension.cs: 1142 - Found 33 in ÂÄ´ø³µµ×°å-1
2020-08-18 14:48:51,154 INFO  ExportHelperExtension.cs: 1152 - Found 0 features of type [RefAxis] in ÂÄ´ø³µµ×°å-1
2020-08-18 14:48:51,154 INFO  ExportHelperExtension.cs: 1131 - Retrieving features of type [RefAxis] from Í­Öù50mm-5
2020-08-18 14:48:51,170 INFO  ExportHelperExtension.cs: 1142 - Found 23 in Í­Öù50mm-5
2020-08-18 14:48:51,170 INFO  ExportHelperExtension.cs: 1152 - Found 0 features of type [RefAxis] in Í­Öù50mm-5
2020-08-18 14:48:51,170 INFO  ExportHelperExtension.cs: 1131 - Retrieving features of type [RefAxis] from Í­Öù50mm-6
2020-08-18 14:48:51,170 INFO  ExportHelperExtension.cs: 1142 - Found 23 in Í­Öù50mm-6
2020-08-18 14:48:51,170 INFO  ExportHelperExtension.cs: 1152 - Found 0 features of type [RefAxis] in Í­Öù50mm-6
2020-08-18 14:48:51,170 INFO  ExportHelperExtension.cs: 1131 - Retrieving features of type [RefAxis] from Í­Öù50mm-8
2020-08-18 14:48:51,170 INFO  ExportHelperExtension.cs: 1142 - Found 23 in Í­Öù50mm-8
2020-08-18 14:48:51,170 INFO  ExportHelperExtension.cs: 1152 - Found 0 features of type [RefAxis] in Í­Öù50mm-8
2020-08-18 14:48:51,170 INFO  ExportHelperExtension.cs: 1131 - Retrieving features of type [RefAxis] from Í­Öù50mm-9
2020-08-18 14:48:51,170 INFO  ExportHelperExtension.cs: 1142 - Found 23 in Í­Öù50mm-9
2020-08-18 14:48:51,170 INFO  ExportHelperExtension.cs: 1152 - Found 0 features of type [RefAxis] in Í­Öù50mm-9
2020-08-18 14:48:51,435 INFO  SwAddin.cs: 316 - Loading config tree
2020-08-18 14:48:51,435 INFO  ExportPropertyManagerExtension.cs: 597 - Starting new configuration
2020-08-18 14:48:51,435 INFO  SwAddin.cs: 321 - Showing property manager
2020-08-18 14:48:56,630 INFO  ExportPropertyManager.cs: 1060 - OnComboboxSelectionChanged called. This method no longer throws an Exception. It just silently does nothing. Ok, except for this logging message
2020-08-18 14:49:00,967 INFO  ExportPropertyManager.cs: 456 - Configuration saved
2020-08-18 14:49:04,477 INFO  ExportHelperExtension.cs: 1131 - Retrieving features of type [CoordSys] from ÂÄ´ø³µ×°ÅäÌå.SLDASM
2020-08-18 14:49:04,477 INFO  ExportHelperExtension.cs: 1142 - Found 116 in ÂÄ´ø³µ×°ÅäÌå.SLDASM
2020-08-18 14:49:04,477 INFO  ExportHelperExtension.cs: 1152 - Found 1 features of type [CoordSys] in ÂÄ´ø³µ×°ÅäÌå.SLDASM
2020-08-18 14:49:04,477 INFO  ExportHelperExtension.cs: 1155 - Proceeding through assembly components
2020-08-18 14:49:04,477 INFO  ExportHelperExtension.cs: 1167 - 26 components to check
2020-08-18 14:49:04,477 INFO  ExportHelperExtension.cs: 1131 - Retrieving features of type [CoordSys] from µ×°å-1
2020-08-18 14:49:04,477 INFO  ExportHelperExtension.cs: 1142 - Found 24 in µ×°å-1
2020-08-18 14:49:04,477 INFO  ExportHelperExtension.cs: 1152 - Found 0 features of type [CoordSys] in µ×°å-1
2020-08-18 14:49:04,477 INFO  ExportHelperExtension.cs: 1131 - Retrieving features of type [CoordSys] from ÂÄ´øÂÖ×Ó(×ó)-1
2020-08-18 14:49:04,477 INFO  ExportHelperExtension.cs: 1142 - Found 32 in ÂÄ´øÂÖ×Ó(×ó)-1
2020-08-18 14:49:04,477 INFO  ExportHelperExtension.cs: 1152 - Found 0 features of type [CoordSys] in ÂÄ´øÂÖ×Ó(×ó)-1
2020-08-18 14:49:04,477 INFO  ExportHelperExtension.cs: 1131 - Retrieving features of type [CoordSys] from ÂÄ´øÂÖ×Ó(ÓÒ)-2
2020-08-18 14:49:04,477 INFO  ExportHelperExtension.cs: 1142 - Found 32 in ÂÄ´øÂÖ×Ó(ÓÒ)-2
2020-08-18 14:49:04,477 INFO  ExportHelperExtension.cs: 1152 - Found 0 features of type [CoordSys] in ÂÄ´øÂÖ×Ó(ÓÒ)-2
2020-08-18 14:49:04,477 INFO  ExportHelperExtension.cs: 1131 - Retrieving features of type [CoordSys] from ÆÕÍ¨µç»ú-1
2020-08-18 14:49:04,477 INFO  ExportHelperExtension.cs: 1142 - Found 38 in ÆÕÍ¨µç»ú-1
2020-08-18 14:49:04,477 INFO  ExportHelperExtension.cs: 1152 - Found 0 features of type [CoordSys] in ÆÕÍ¨µç»ú-1
2020-08-18 14:49:04,477 INFO  ExportHelperExtension.cs: 1131 - Retrieving features of type [CoordSys] from ÆÕÍ¨µç»ú-2
2020-08-18 14:49:04,477 INFO  ExportHelperExtension.cs: 1142 - Found 38 in ÆÕÍ¨µç»ú-2
2020-08-18 14:49:04,477 INFO  ExportHelperExtension.cs: 1152 - Found 0 features of type [CoordSys] in ÆÕÍ¨µç»ú-2
2020-08-18 14:49:04,477 INFO  ExportHelperExtension.cs: 1131 - Retrieving features of type [CoordSys] from µç³Ø-1
2020-08-18 14:49:04,477 INFO  ExportHelperExtension.cs: 1142 - Found 27 in µç³Ø-1
2020-08-18 14:49:04,477 INFO  ExportHelperExtension.cs: 1152 - Found 0 features of type [CoordSys] in µç³Ø-1
2020-08-18 14:49:04,477 INFO  ExportHelperExtension.cs: 1131 - Retrieving features of type [CoordSys] from jetson_nano°å-1
2020-08-18 14:49:04,477 INFO  ExportHelperExtension.cs: 1142 - Found 41 in jetson_nano°å-1
2020-08-18 14:49:04,477 INFO  ExportHelperExtension.cs: 1152 - Found 0 features of type [CoordSys] in jetson_nano°å-1
2020-08-18 14:49:04,477 INFO  ExportHelperExtension.cs: 1131 - Retrieving features of type [CoordSys] from ³¬Éù²¨2-1
2020-08-18 14:49:04,477 INFO  ExportHelperExtension.cs: 1142 - Found 34 in ³¬Éù²¨2-1
2020-08-18 14:49:04,493 INFO  ExportHelperExtension.cs: 1152 - Found 0 features of type [CoordSys] in ³¬Éù²¨2-1
2020-08-18 14:49:04,493 INFO  ExportHelperExtension.cs: 1131 - Retrieving features of type [CoordSys] from ÃÔÄãÒôÏä-1
2020-08-18 14:49:04,493 INFO  ExportHelperExtension.cs: 1142 - Found 33 in ÃÔÄãÒôÏä-1
2020-08-18 14:49:04,493 INFO  ExportHelperExtension.cs: 1152 - Found 0 features of type [CoordSys] in ÃÔÄãÒôÏä-1
2020-08-18 14:49:04,493 INFO  ExportHelperExtension.cs: 1131 - Retrieving features of type [CoordSys] from ÉãÏñÍ·-1
2020-08-18 14:49:04,493 INFO  ExportHelperExtension.cs: 1142 - Found 36 in ÉãÏñÍ·-1
2020-08-18 14:49:04,493 INFO  ExportHelperExtension.cs: 1152 - Found 0 features of type [CoordSys] in ÉãÏñÍ·-1
2020-08-18 14:49:04,493 INFO  ExportHelperExtension.cs: 1131 - Retrieving features of type [CoordSys] from ÉãÏñÍ·ÑÓ³¤ÏßSLDPRT-1
2020-08-18 14:49:04,493 INFO  ExportHelperExtension.cs: 1142 - Found 30 in ÉãÏñÍ·ÑÓ³¤ÏßSLDPRT-1
2020-08-18 14:49:04,493 INFO  ExportHelperExtension.cs: 1152 - Found 0 features of type [CoordSys] in ÉãÏñÍ·ÑÓ³¤ÏßSLDPRT-1
2020-08-18 14:49:04,493 INFO  ExportHelperExtension.cs: 1131 - Retrieving features of type [CoordSys] from Ê÷Ý®ÅÉ-1
2020-08-18 14:49:04,493 INFO  ExportHelperExtension.cs: 1142 - Found 35 in Ê÷Ý®ÅÉ-1
2020-08-18 14:49:04,493 INFO  ExportHelperExtension.cs: 1152 - Found 0 features of type [CoordSys] in Ê÷Ý®ÅÉ-1
2020-08-18 14:49:04,493 INFO  ExportHelperExtension.cs: 1131 - Retrieving features of type [CoordSys] from ÓïÒôÄ£¿é-1
2020-08-18 14:49:04,493 INFO  ExportHelperExtension.cs: 1142 - Found 31 in ÓïÒôÄ£¿é-1
2020-08-18 14:49:04,493 INFO  ExportHelperExtension.cs: 1152 - Found 0 features of type [CoordSys] in ÓïÒôÄ£¿é-1
2020-08-18 14:49:04,493 INFO  ExportHelperExtension.cs: 1131 - Retrieving features of type [CoordSys] from A1-1
2020-08-18 14:49:04,493 INFO  ExportHelperExtension.cs: 1142 - Found 48 in A1-1
2020-08-18 14:49:04,493 INFO  ExportHelperExtension.cs: 1152 - Found 0 features of type [CoordSys] in A1-1
2020-08-18 14:49:04,493 INFO  ExportHelperExtension.cs: 1131 - Retrieving features of type [CoordSys] from ÂÄ´ø¶¥°å-1
2020-08-18 14:49:04,493 INFO  ExportHelperExtension.cs: 1142 - Found 48 in ÂÄ´ø¶¥°å-1
2020-08-18 14:49:04,493 INFO  ExportHelperExtension.cs: 1152 - Found 0 features of type [CoordSys] in ÂÄ´ø¶¥°å-1
2020-08-18 14:49:04,493 INFO  ExportHelperExtension.cs: 1131 - Retrieving features of type [CoordSys] from Á½ÇýX5-Çý¶¯°å-2
2020-08-18 14:49:04,493 INFO  ExportHelperExtension.cs: 1142 - Found 37 in Á½ÇýX5-Çý¶¯°å-2
2020-08-18 14:49:04,493 INFO  ExportHelperExtension.cs: 1152 - Found 0 features of type [CoordSys] in Á½ÇýX5-Çý¶¯°å-2
2020-08-18 14:49:04,493 INFO  ExportHelperExtension.cs: 1131 - Retrieving features of type [CoordSys] from ÂÄ´øÀ×´ï°å2-1
2020-08-18 14:49:04,493 INFO  ExportHelperExtension.cs: 1142 - Found 41 in ÂÄ´øÀ×´ï°å2-1
2020-08-18 14:49:04,493 INFO  ExportHelperExtension.cs: 1152 - Found 0 features of type [CoordSys] in ÂÄ´øÀ×´ï°å2-1
2020-08-18 14:49:04,493 INFO  ExportHelperExtension.cs: 1131 - Retrieving features of type [CoordSys] from Í­Öù50mm-1
2020-08-18 14:49:04,493 INFO  ExportHelperExtension.cs: 1142 - Found 23 in Í­Öù50mm-1
2020-08-18 14:49:04,493 INFO  ExportHelperExtension.cs: 1152 - Found 0 features of type [CoordSys] in Í­Öù50mm-1
2020-08-18 14:49:04,493 INFO  ExportHelperExtension.cs: 1131 - Retrieving features of type [CoordSys] from Í­Öù50mm-2
2020-08-18 14:49:04,493 INFO  ExportHelperExtension.cs: 1142 - Found 23 in Í­Öù50mm-2
2020-08-18 14:49:04,493 INFO  ExportHelperExtension.cs: 1152 - Found 0 features of type [CoordSys] in Í­Öù50mm-2
2020-08-18 14:49:04,493 INFO  ExportHelperExtension.cs: 1131 - Retrieving features of type [CoordSys] from Í­Öù50mm-3
2020-08-18 14:49:04,493 INFO  ExportHelperExtension.cs: 1142 - Found 23 in Í­Öù50mm-3
2020-08-18 14:49:04,493 INFO  ExportHelperExtension.cs: 1152 - Found 0 features of type [CoordSys] in Í­Öù50mm-3
2020-08-18 14:49:04,493 INFO  ExportHelperExtension.cs: 1131 - Retrieving features of type [CoordSys] from Í­Öù50mm-4
2020-08-18 14:49:04,493 INFO  ExportHelperExtension.cs: 1142 - Found 23 in Í­Öù50mm-4
2020-08-18 14:49:04,493 INFO  ExportHelperExtension.cs: 1152 - Found 0 features of type [CoordSys] in Í­Öù50mm-4
2020-08-18 14:49:04,493 INFO  ExportHelperExtension.cs: 1131 - Retrieving features of type [CoordSys] from ÂÄ´ø³µµ×°å-1
2020-08-18 14:49:04,493 INFO  ExportHelperExtension.cs: 1142 - Found 33 in ÂÄ´ø³µµ×°å-1
2020-08-18 14:49:04,493 INFO  ExportHelperExtension.cs: 1152 - Found 0 features of type [CoordSys] in ÂÄ´ø³µµ×°å-1
2020-08-18 14:49:04,493 INFO  ExportHelperExtension.cs: 1131 - Retrieving features of type [CoordSys] from Í­Öù50mm-5
2020-08-18 14:49:04,508 INFO  ExportHelperExtension.cs: 1142 - Found 23 in Í­Öù50mm-5
2020-08-18 14:49:04,508 INFO  ExportHelperExtension.cs: 1152 - Found 0 features of type [CoordSys] in Í­Öù50mm-5
2020-08-18 14:49:04,508 INFO  ExportHelperExtension.cs: 1131 - Retrieving features of type [CoordSys] from Í­Öù50mm-6
2020-08-18 14:49:04,508 INFO  ExportHelperExtension.cs: 1142 - Found 23 in Í­Öù50mm-6
2020-08-18 14:49:04,508 INFO  ExportHelperExtension.cs: 1152 - Found 0 features of type [CoordSys] in Í­Öù50mm-6
2020-08-18 14:49:04,508 INFO  ExportHelperExtension.cs: 1131 - Retrieving features of type [CoordSys] from Í­Öù50mm-8
2020-08-18 14:49:04,508 INFO  ExportHelperExtension.cs: 1142 - Found 23 in Í­Öù50mm-8
2020-08-18 14:49:04,508 INFO  ExportHelperExtension.cs: 1152 - Found 0 features of type [CoordSys] in Í­Öù50mm-8
2020-08-18 14:49:04,508 INFO  ExportHelperExtension.cs: 1131 - Retrieving features of type [CoordSys] from Í­Öù50mm-9
2020-08-18 14:49:04,508 INFO  ExportHelperExtension.cs: 1142 - Found 23 in Í­Öù50mm-9
2020-08-18 14:49:04,508 INFO  ExportHelperExtension.cs: 1152 - Found 0 features of type [CoordSys] in Í­Öù50mm-9
2020-08-18 14:49:04,508 INFO  ExportHelperExtension.cs: 1131 - Retrieving features of type [RefAxis] from ÂÄ´ø³µ×°ÅäÌå.SLDASM
2020-08-18 14:49:04,508 INFO  ExportHelperExtension.cs: 1142 - Found 116 in ÂÄ´ø³µ×°ÅäÌå.SLDASM
2020-08-18 14:49:04,508 INFO  ExportHelperExtension.cs: 1152 - Found 0 features of type [RefAxis] in ÂÄ´ø³µ×°ÅäÌå.SLDASM
2020-08-18 14:49:04,508 INFO  ExportHelperExtension.cs: 1155 - Proceeding through assembly components
2020-08-18 14:49:04,508 INFO  ExportHelperExtension.cs: 1167 - 26 components to check
2020-08-18 14:49:04,508 INFO  ExportHelperExtension.cs: 1131 - Retrieving features of type [RefAxis] from µ×°å-1
2020-08-18 14:49:04,508 INFO  ExportHelperExtension.cs: 1142 - Found 24 in µ×°å-1
2020-08-18 14:49:04,508 INFO  ExportHelperExtension.cs: 1152 - Found 0 features of type [RefAxis] in µ×°å-1
2020-08-18 14:49:04,508 INFO  ExportHelperExtension.cs: 1131 - Retrieving features of type [RefAxis] from ÂÄ´øÂÖ×Ó(×ó)-1
2020-08-18 14:49:04,508 INFO  ExportHelperExtension.cs: 1142 - Found 32 in ÂÄ´øÂÖ×Ó(×ó)-1
2020-08-18 14:49:04,508 INFO  ExportHelperExtension.cs: 1152 - Found 0 features of type [RefAxis] in ÂÄ´øÂÖ×Ó(×ó)-1
2020-08-18 14:49:04,508 INFO  ExportHelperExtension.cs: 1131 - Retrieving features of type [RefAxis] from ÂÄ´øÂÖ×Ó(ÓÒ)-2
2020-08-18 14:49:04,508 INFO  ExportHelperExtension.cs: 1142 - Found 32 in ÂÄ´øÂÖ×Ó(ÓÒ)-2
2020-08-18 14:49:04,508 INFO  ExportHelperExtension.cs: 1152 - Found 0 features of type [RefAxis] in ÂÄ´øÂÖ×Ó(ÓÒ)-2
2020-08-18 14:49:04,508 INFO  ExportHelperExtension.cs: 1131 - Retrieving features of type [RefAxis] from ÆÕÍ¨µç»ú-1
2020-08-18 14:49:04,508 INFO  ExportHelperExtension.cs: 1142 - Found 38 in ÆÕÍ¨µç»ú-1
2020-08-18 14:49:04,508 INFO  ExportHelperExtension.cs: 1152 - Found 0 features of type [RefAxis] in ÆÕÍ¨µç»ú-1
2020-08-18 14:49:04,508 INFO  ExportHelperExtension.cs: 1131 - Retrieving features of type [RefAxis] from ÆÕÍ¨µç»ú-2
2020-08-18 14:49:04,508 INFO  ExportHelperExtension.cs: 1142 - Found 38 in ÆÕÍ¨µç»ú-2
2020-08-18 14:49:04,508 INFO  ExportHelperExtension.cs: 1152 - Found 0 features of type [RefAxis] in ÆÕÍ¨µç»ú-2
2020-08-18 14:49:04,508 INFO  ExportHelperExtension.cs: 1131 - Retrieving features of type [RefAxis] from µç³Ø-1
2020-08-18 14:49:04,508 INFO  ExportHelperExtension.cs: 1142 - Found 27 in µç³Ø-1
2020-08-18 14:49:04,508 INFO  ExportHelperExtension.cs: 1152 - Found 0 features of type [RefAxis] in µç³Ø-1
2020-08-18 14:49:04,524 INFO  ExportHelperExtension.cs: 1131 - Retrieving features of type [RefAxis] from jetson_nano°å-1
2020-08-18 14:49:04,539 INFO  ExportHelperExtension.cs: 1142 - Found 41 in jetson_nano°å-1
2020-08-18 14:49:04,539 INFO  ExportHelperExtension.cs: 1152 - Found 0 features of type [RefAxis] in jetson_nano°å-1
2020-08-18 14:49:04,539 INFO  ExportHelperExtension.cs: 1131 - Retrieving features of type [RefAxis] from ³¬Éù²¨2-1
2020-08-18 14:49:04,539 INFO  ExportHelperExtension.cs: 1142 - Found 34 in ³¬Éù²¨2-1
2020-08-18 14:49:04,539 INFO  ExportHelperExtension.cs: 1152 - Found 0 features of type [RefAxis] in ³¬Éù²¨2-1
2020-08-18 14:49:04,539 INFO  ExportHelperExtension.cs: 1131 - Retrieving features of type [RefAxis] from ÃÔÄãÒôÏä-1
2020-08-18 14:49:04,539 INFO  ExportHelperExtension.cs: 1142 - Found 33 in ÃÔÄãÒôÏä-1
2020-08-18 14:49:04,539 INFO  ExportHelperExtension.cs: 1152 - Found 0 features of type [RefAxis] in ÃÔÄãÒôÏä-1
2020-08-18 14:49:04,539 INFO  ExportHelperExtension.cs: 1131 - Retrieving features of type [RefAxis] from ÉãÏñÍ·-1
2020-08-18 14:49:04,539 INFO  ExportHelperExtension.cs: 1142 - Found 36 in ÉãÏñÍ·-1
2020-08-18 14:49:04,539 INFO  ExportHelperExtension.cs: 1152 - Found 0 features of type [RefAxis] in ÉãÏñÍ·-1
2020-08-18 14:49:04,539 INFO  ExportHelperExtension.cs: 1131 - Retrieving features of type [RefAxis] from ÉãÏñÍ·ÑÓ³¤ÏßSLDPRT-1
2020-08-18 14:49:04,539 INFO  ExportHelperExtension.cs: 1142 - Found 30 in ÉãÏñÍ·ÑÓ³¤ÏßSLDPRT-1
2020-08-18 14:49:04,539 INFO  ExportHelperExtension.cs: 1152 - Found 0 features of type [RefAxis] in ÉãÏñÍ·ÑÓ³¤ÏßSLDPRT-1
2020-08-18 14:49:04,539 INFO  ExportHelperExtension.cs: 1131 - Retrieving features of type [RefAxis] from Ê÷Ý®ÅÉ-1
2020-08-18 14:49:04,539 INFO  ExportHelperExtension.cs: 1142 - Found 35 in Ê÷Ý®ÅÉ-1
2020-08-18 14:49:04,539 INFO  ExportHelperExtension.cs: 1152 - Found 0 features of type [RefAxis] in Ê÷Ý®ÅÉ-1
2020-08-18 14:49:04,539 INFO  ExportHelperExtension.cs: 1131 - Retrieving features of type [RefAxis] from ÓïÒôÄ£¿é-1
2020-08-18 14:49:04,539 INFO  ExportHelperExtension.cs: 1142 - Found 31 in ÓïÒôÄ£¿é-1
2020-08-18 14:49:04,539 INFO  ExportHelperExtension.cs: 1152 - Found 0 features of type [RefAxis] in ÓïÒôÄ£¿é-1
2020-08-18 14:49:04,539 INFO  ExportHelperExtension.cs: 1131 - Retrieving features of type [RefAxis] from A1-1
2020-08-18 14:49:04,539 INFO  ExportHelperExtension.cs: 1142 - Found 48 in A1-1
2020-08-18 14:49:04,539 INFO  ExportHelperExtension.cs: 1152 - Found 0 features of type [RefAxis] in A1-1
2020-08-18 14:49:04,539 INFO  ExportHelperExtension.cs: 1131 - Retrieving features of type [RefAxis] from ÂÄ´ø¶¥°å-1
2020-08-18 14:49:04,539 INFO  ExportHelperExtension.cs: 1142 - Found 48 in ÂÄ´ø¶¥°å-1
2020-08-18 14:49:04,539 INFO  ExportHelperExtension.cs: 1152 - Found 0 features of type [RefAxis] in ÂÄ´ø¶¥°å-1
2020-08-18 14:49:04,539 INFO  ExportHelperExtension.cs: 1131 - Retrieving features of type [RefAxis] from Á½ÇýX5-Çý¶¯°å-2
2020-08-18 14:49:04,539 INFO  ExportHelperExtension.cs: 1142 - Found 37 in Á½ÇýX5-Çý¶¯°å-2
2020-08-18 14:49:04,539 INFO  ExportHelperExtension.cs: 1152 - Found 0 features of type [RefAxis] in Á½ÇýX5-Çý¶¯°å-2
2020-08-18 14:49:04,539 INFO  ExportHelperExtension.cs: 1131 - Retrieving features of type [RefAxis] from ÂÄ´øÀ×´ï°å2-1
2020-08-18 14:49:04,539 INFO  ExportHelperExtension.cs: 1142 - Found 41 in ÂÄ´øÀ×´ï°å2-1
2020-08-18 14:49:04,539 INFO  ExportHelperExtension.cs: 1152 - Found 0 features of type [RefAxis] in ÂÄ´øÀ×´ï°å2-1
2020-08-18 14:49:04,539 INFO  ExportHelperExtension.cs: 1131 - Retrieving features of type [RefAxis] from Í­Öù50mm-1
2020-08-18 14:49:04,539 INFO  ExportHelperExtension.cs: 1142 - Found 23 in Í­Öù50mm-1
2020-08-18 14:49:04,539 INFO  ExportHelperExtension.cs: 1152 - Found 0 features of type [RefAxis] in Í­Öù50mm-1
2020-08-18 14:49:04,539 INFO  ExportHelperExtension.cs: 1131 - Retrieving features of type [RefAxis] from Í­Öù50mm-2
2020-08-18 14:49:04,539 INFO  ExportHelperExtension.cs: 1142 - Found 23 in Í­Öù50mm-2
2020-08-18 14:49:04,539 INFO  ExportHelperExtension.cs: 1152 - Found 0 features of type [RefAxis] in Í­Öù50mm-2
2020-08-18 14:49:04,539 INFO  ExportHelperExtension.cs: 1131 - Retrieving features of type [RefAxis] from Í­Öù50mm-3
2020-08-18 14:49:04,539 INFO  ExportHelperExtension.cs: 1142 - Found 23 in Í­Öù50mm-3
2020-08-18 14:49:04,539 INFO  ExportHelperExtension.cs: 1152 - Found 0 features of type [RefAxis] in Í­Öù50mm-3
2020-08-18 14:49:04,539 INFO  ExportHelperExtension.cs: 1131 - Retrieving features of type [RefAxis] from Í­Öù50mm-4
2020-08-18 14:49:04,539 INFO  ExportHelperExtension.cs: 1142 - Found 23 in Í­Öù50mm-4
2020-08-18 14:49:04,539 INFO  ExportHelperExtension.cs: 1152 - Found 0 features of type [RefAxis] in Í­Öù50mm-4
2020-08-18 14:49:04,555 INFO  ExportHelperExtension.cs: 1131 - Retrieving features of type [RefAxis] from ÂÄ´ø³µµ×°å-1
2020-08-18 14:49:04,555 INFO  ExportHelperExtension.cs: 1142 - Found 33 in ÂÄ´ø³µµ×°å-1
2020-08-18 14:49:04,555 INFO  ExportHelperExtension.cs: 1152 - Found 0 features of type [RefAxis] in ÂÄ´ø³µµ×°å-1
2020-08-18 14:49:04,555 INFO  ExportHelperExtension.cs: 1131 - Retrieving features of type [RefAxis] from Í­Öù50mm-5
2020-08-18 14:49:04,555 INFO  ExportHelperExtension.cs: 1142 - Found 23 in Í­Öù50mm-5
2020-08-18 14:49:04,555 INFO  ExportHelperExtension.cs: 1152 - Found 0 features of type [RefAxis] in Í­Öù50mm-5
2020-08-18 14:49:04,555 INFO  ExportHelperExtension.cs: 1131 - Retrieving features of type [RefAxis] from Í­Öù50mm-6
2020-08-18 14:49:04,555 INFO  ExportHelperExtension.cs: 1142 - Found 23 in Í­Öù50mm-6
2020-08-18 14:49:04,555 INFO  ExportHelperExtension.cs: 1152 - Found 0 features of type [RefAxis] in Í­Öù50mm-6
2020-08-18 14:49:04,555 INFO  ExportHelperExtension.cs: 1131 - Retrieving features of type [RefAxis] from Í­Öù50mm-8
2020-08-18 14:49:04,555 INFO  ExportHelperExtension.cs: 1142 - Found 23 in Í­Öù50mm-8
2020-08-18 14:49:04,555 INFO  ExportHelperExtension.cs: 1152 - Found 0 features of type [RefAxis] in Í­Öù50mm-8
2020-08-18 14:49:04,555 INFO  ExportHelperExtension.cs: 1131 - Retrieving features of type [RefAxis] from Í­Öù50mm-9
2020-08-18 14:49:04,555 INFO  ExportHelperExtension.cs: 1142 - Found 23 in Í­Öù50mm-9
2020-08-18 14:49:04,555 INFO  ExportHelperExtension.cs: 1152 - Found 0 features of type [RefAxis] in Í­Öù50mm-9
2020-08-18 14:49:04,571 INFO  ExportPropertyManager.cs: 1184 - AfterClose called. This method no longer throws an Exception. It just silently does nothing. Ok, except for this logging message
2020-08-18 14:49:06,864 INFO  AssemblyExportForm.cs: 254 - Completing URDF export
2020-08-18 14:49:06,864 INFO  Serialization.cs: 275 - URDF Configuration found
<Link z:Id="i1" xmlns="http://schemas.datacontract.org/2004/07/SW2URDF" xmlns:i="http://www.w3.org/2001/XMLSchema-instance" xmlns:z="http://schemas.microsoft.com/2003/10/Serialization/"><Attributes><Attribute z:Id="i2"><AttributeType>name</AttributeType><IsRequired>true</IsRequired><Value i:type="a:string" xmlns:a="http://www.w3.org/2001/XMLSchema">base_link</Value></Attribute></Attributes><ChildElements><URDFElement z:Id="i3" i:type="Inertial"><Attributes/><ChildElements><URDFElement z:Id="i4" i:type="Origin"><Attributes><Attribute z:Id="i5"><AttributeType>xyz</AttributeType><IsRequired>true</IsRequired><Value i:type="a:ArrayOfdouble" xmlns:a="http://schemas.microsoft.com/2003/10/Serialization/Arrays"><a:double>0</a:double><a:double>0</a:double><a:double>0</a:double></Value></Attribute><Attribute z:Id="i6"><AttributeType>rpy</AttributeType><IsRequired>true</IsRequired><Value i:type="a:ArrayOfdouble" xmlns:a="http://schemas.microsoft.com/2003/10/Serialization/Arrays"><a:double>0</a:double><a:double>0</a:double><a:double>0</a:double></Value></Attribute></Attributes><ChildElements/><ElementName>origin</ElementName><required>false</required><RPYAttribute z:Ref="i6"/><XYZAttribute z:Ref="i5"/><isCustomized>false</isCustomized></URDFElement><URDFElement z:Id="i7" i:type="Mass"><Attributes><Attribute z:Id="i8"><AttributeType>value</AttributeType><IsRequired>true</IsRequired><Value i:type="a:double" xmlns:a="http://www.w3.org/2001/XMLSchema">0</Value></Attribute></Attributes><ChildElements/><ElementName>mass</ElementName><required>false</required><ValueAttribute z:Ref="i8"/></URDFElement><URDFElement z:Id="i9" i:type="Inertia"><Attributes><Attribute z:Id="i10"><AttributeType>ixx</AttributeType><IsRequired>true</IsRequired><Value i:type="a:double" xmlns:a="http://www.w3.org/2001/XMLSchema">0</Value></Attribute><Attribute z:Id="i11"><AttributeType>ixy</AttributeType><IsRequired>true</IsRequired><Value i:type="a:double" xmlns:a="http://www.w3.org/2001/XMLSchema">0</Value></Attribute><Attribute z:Id="i12"><AttributeType>ixz</AttributeType><IsRequired>true</IsRequired><Value i:type="a:double" xmlns:a="http://www.w3.org/2001/XMLSchema">0</Value></Attribute><Attribute z:Id="i13"><AttributeType>iyy</AttributeType><IsRequired>true</IsRequired><Value i:type="a:double" xmlns:a="http://www.w3.org/2001/XMLSchema">0</Value></Attribute><Attribute z:Id="i14"><AttributeType>iyz</AttributeType><IsRequired>true</IsRequired><Value i:type="a:double" xmlns:a="http://www.w3.org/2001/XMLSchema">0</Value></Attribute><Attribute z:Id="i15"><AttributeType>izz</AttributeType><IsRequired>true</IsRequired><Value i:type="a:double" xmlns:a="http://www.w3.org/2001/XMLSchema">0</Value></Attribute></Attributes><ChildElements/><ElementName>inertia</ElementName><required>false</required><IxxAttribute z:Ref="i10"/><IxyAttribute z:Ref="i11"/><IxzAttribute z:Ref="i12"/><IyyAttribute z:Ref="i13"/><IyzAttribute z:Ref="i14"/><IzzAttribute z:Ref="i15"/></URDFElement></ChildElements><ElementName>inertial</ElementName><required>false</required><Inertia z:Ref="i9"/><Mass z:Ref="i7"/><Origin z:Ref="i4"/></URDFElement><URDFElement z:Id="i16" i:type="Visual"><Attributes/><ChildElements><URDFElement z:Id="i17" i:type="Origin"><Attributes><Attribute z:Id="i18"><AttributeType>xyz</AttributeType><IsRequired>true</IsRequired><Value i:type="a:ArrayOfdouble" xmlns:a="http://schemas.microsoft.com/2003/10/Serialization/Arrays"><a:double>0</a:double><a:double>0</a:double><a:double>0</a:double></Value></Attribute><Attribute z:Id="i19"><AttributeType>rpy</AttributeType><IsRequired>true</IsRequired><Value i:type="a:ArrayOfdouble" xmlns:a="http://schemas.microsoft.com/2003/10/Serialization/Arrays"><a:double>0</a:double><a:double>0</a:double><a:double>0</a:double></Value></Attribute></Attributes><ChildElements/><ElementName>origin</ElementName><required>false</required><RPYAttribute z:Ref="i19"/><XYZAttribute z:Ref="i18"/><isCustomized>false</isCustomized></URDFElement><URDFElement z:Id="i20" i:type="Geometry"><Attributes/><ChildElements><URDFElement z:Id="i21" i:type="Mesh"><Attributes><Attribute z:Id="i22"><AttributeType>filename</AttributeType><IsRequired>true</IsRequired><Value i:nil="true"/></Attribute></Attributes><ChildElements/><ElementName>mesh</ElementName><required>false</required><FilenameAttribute z:Ref="i22"/></URDFElement></ChildElements><ElementName>geometry</ElementName><required>true</required><Mesh z:Ref="i21"/></URDFElement><URDFElement z:Id="i23" i:type="Material"><Attributes><Attribute z:Id="i24"><AttributeType>name</AttributeType><IsRequired>true</IsRequired><Value i:type="a:string" xmlns:a="http://www.w3.org/2001/XMLSchema"/></Attribute></Attributes><ChildElements><URDFElement z:Id="i25" i:type="Color"><Attributes><Attribute z:Id="i26"><AttributeType>rgba</AttributeType><IsRequired>true</IsRequired><Value i:type="a:ArrayOfdouble" xmlns:a="http://schemas.microsoft.com/2003/10/Serialization/Arrays"><a:double>1</a:double><a:double>1</a:double><a:double>1</a:double><a:double>1</a:double></Value></Attribute></Attributes><ChildElements/><ElementName>color</ElementName><required>false</required><RGBAAttribute z:Ref="i26"/></URDFElement><URDFElement z:Id="i27" i:type="Texture"><Attributes><Attribute z:Id="i28"><AttributeType>filename</AttributeType><IsRequired>true</IsRequired><Value i:nil="true"/></Attribute></Attributes><ChildElements/><ElementName>texture</ElementName><required>false</required><FilenameAttribute z:Ref="i28"/><wFilename/></URDFElement></ChildElements><ElementName>material</ElementName><required>false</required><Color z:Ref="i25"/><NameAttribute z:Ref="i24"/><Texture z:Ref="i27"/></URDFElement></ChildElements><ElementName>visual</ElementName><required>false</required><Geometry z:Ref="i20"/><Material z:Ref="i23"/><Origin z:Ref="i17"/></URDFElement><URDFElement z:Id="i29" i:type="Collision"><Attributes/><ChildElements><URDFElement z:Id="i30" i:type="Origin"><Attributes><Attribute z:Id="i31"><AttributeType>xyz</AttributeType><IsRequired>true</IsRequired><Value i:type="a:ArrayOfdouble" xmlns:a="http://schemas.microsoft.com/2003/10/Serialization/Arrays"><a:double>0</a:double><a:double>0</a:double><a:double>0</a:double></Value></Attribute><Attribute z:Id="i32"><AttributeType>rpy</AttributeType><IsRequired>true</IsRequired><Value i:type="a:ArrayOfdouble" xmlns:a="http://schemas.microsoft.com/2003/10/Serialization/Arrays"><a:double>0</a:double><a:double>0</a:double><a:double>0</a:double></Value></Attribute></Attributes><ChildElements/><ElementName>origin</ElementName><required>false</required><RPYAttribute z:Ref="i32"/><XYZAttribute z:Ref="i31"/><isCustomized>false</isCustomized></URDFElement><URDFElement z:Id="i33" i:type="Geometry"><Attributes/><ChildElements><URDFElement z:Id="i34" i:type="Mesh"><Attributes><Attribute z:Id="i35"><AttributeType>filename</AttributeType><IsRequired>true</IsRequired><Value i:nil="true"/></Attribute></Attributes><ChildElements/><ElementName>mesh</ElementName><required>false</required><FilenameAttribute z:Ref="i35"/></URDFElement></ChildElements><ElementName>geometry</ElementName><required>true</required><Mesh z:Ref="i34"/></URDFElement></ChildElements><ElementName>collision</ElementName><required>false</required><Geometry z:Ref="i33"/><Origin z:Ref="i30"/></URDFElement><URDFElement z:Id="i36" i:type="Joint"><Attributes><Attribute z:Id="i37"><AttributeType>name</AttributeType><IsRequired>true</IsRequired><Value i:type="a:string" xmlns:a="http://www.w3.org/2001/XMLSchema"/></Attribute><Attribute z:Id="i38"><AttributeType>type</AttributeType><IsRequired>true</IsRequired><Value i:type="a:string" xmlns:a="http://www.w3.org/2001/XMLSchema"/></Attribute></Attributes><ChildElements><URDFElement z:Id="i39" i:type="Origin"><Attributes><Attribute z:Id="i40"><AttributeType>xyz</AttributeType><IsRequired>true</IsRequired><Value i:type="a:ArrayOfdouble" xmlns:a="http://schemas.microsoft.com/2003/10/Serialization/Arrays"><a:double>0</a:double><a:double>0</a:double><a:double>0</a:double></Value></Attribute><Attribute z:Id="i41"><AttributeType>rpy</AttributeType><IsRequired>true</IsRequired><Value i:type="a:ArrayOfdouble" xmlns:a="http://schemas.microsoft.com/2003/10/Serialization/Arrays"><a:double>0</a:double><a:double>0</a:double><a:double>0</a:double></Value></Attribute></Attributes><ChildElements/><ElementName>origin</ElementName><required>false</required><RPYAttribute z:Ref="i41"/><XYZAttribute z:Ref="i40"/><isCustomized>false</isCustomized></URDFElement><URDFElement z:Id="i42" i:type="ParentLink"><Attributes><Attribute z:Id="i43"><AttributeType>link</AttributeType><IsRequired>true</IsRequired><Value i:type="a:string" xmlns:a="http://www.w3.org/2001/XMLSchema"/></Attribute></Attributes><ChildElements/><ElementName>parent</ElementName><required>true</required><NameAttribute z:Ref="i43"/></URDFElement><URDFElement z:Id="i44" i:type="ChildLink"><Attributes><Attribute z:Id="i45"><AttributeType>link</AttributeType><IsRequired>true</IsRequired><Value i:type="a:string" xmlns:a="http://www.w3.org/2001/XMLSchema"/></Attribute></Attributes><ChildElements/><ElementName>child</ElementName><required>true</required><NameAttribute z:Ref="i45"/></URDFElement><URDFElement z:Id="i46" i:type="Axis"><Attributes><Attribute z:Id="i47"><AttributeType>xyz</AttributeType><IsRequired>true</IsRequired><Value i:type="a:ArrayOfdouble" xmlns:a="http://schemas.microsoft.com/2003/10/Serialization/Arrays"><a:double>0</a:double><a:double>0</a:double><a:double>0</a:double></Value></Attribute></Attributes><ChildElements/><ElementName>axis</ElementName><required>false</required><XYZAttribute z:Ref="i47"/></URDFElement><URDFElement z:Id="i48" i:type="Limit"><Attributes><Attribute z:Id="i49"><AttributeType>lower</AttributeType><IsRequired>false</IsRequired><Value i:nil="true"/></Attribute><Attribute z:Id="i50"><AttributeType>upper</AttributeType><IsRequired>false</IsRequired><Value i:nil="true"/></Attribute><Attribute z:Id="i51"><AttributeType>effort</AttributeType><IsRequired>true</IsRequired><Value i:nil="true"/></Attribute><Attribute z:Id="i52"><AttributeType>velocity</AttributeType><IsRequired>true</IsRequired><Value i:nil="true"/></Attribute></Attributes><ChildElements/><ElementName>limit</ElementName><required>false</required><EffortAttribute z:Ref="i51"/><LowerAttribute z:Ref="i49"/><UpperAttribute z:Ref="i50"/><VelocityAttribute z:Ref="i52"/></URDFElement><URDFElement z:Id="i53" i:type="Calibration"><Attributes><Attribute z:Id="i54"><AttributeType>rising</AttributeType><IsRequired>false</IsRequired><Value i:nil="true"/></Attribute><Attribute z:Id="i55"><AttributeType>falling</AttributeType><IsRequired>false</IsRequired><Value i:nil="true"/></Attribute></Attributes><ChildElements/><ElementName>calibration</ElementName><required>false</required><FallingAttribute z:Ref="i55"/><RisingAttribute z:Ref="i54"/></URDFElement><URDFElement z:Id="i56" i:type="Dynamics"><Attributes><Attribute z:Id="i57"><AttributeType>damping</AttributeType><IsRequired>false</IsRequired><Value i:nil="true"/></Attribute><Attribute z:Id="i58"><AttributeType>friction</AttributeType><IsRequired>false</IsRequired><Value i:nil="true"/></Attribute></Attributes><ChildElements/><ElementName>dynamics</ElementName><required>false</required><DampingAttribute z:Ref="i57"/><FrictionAttribute z:Ref="i58"/></URDFElement><URDFElement z:Id="i59" i:type="SafetyController"><Attributes><Attribute z:Id="i60"><AttributeType>soft_upper</AttributeType><IsRequired>false</IsRequired><Value i:nil="true"/></Attribute><Attribute z:Id="i61"><AttributeType>soft_lower</AttributeType><IsRequired>false</IsRequired><Value i:nil="true"/></Attribute><Attribute z:Id="i62"><AttributeType>k_position</AttributeType><IsRequired>false</IsRequired><Value i:nil="true"/></Attribute><Attribute z:Id="i63"><AttributeType>k_velocity</AttributeType><IsRequired>true</IsRequired><Value i:nil="true"/></Attribute></Attributes><ChildElements/><ElementName>safety_controller</ElementName><required>false</required><KPositionAttribute z:Ref="i62"/><KVelocityAttribute z:Ref="i63"/><SoftLowerAttribute z:Ref="i61"/><SoftUpperAttribute z:Ref="i60"/></URDFElement><URDFElement z:Id="i64" i:type="Mimic"><Attributes><Attribute z:Id="i65"><AttributeType>joint</AttributeType><IsRequired>true</IsRequired><Value i:nil="true"/></Attribute><Attribute z:Id="i66"><AttributeType>multiplier</AttributeType><IsRequired>false</IsRequired><Value i:nil="true"/></Attribute><Attribute z:Id="i67"><AttributeType>offset</AttributeType><IsRequired>false</IsRequired><Value i:nil="true"/></Attribute></Attributes><ChildElements/><ElementName>mimic</ElementName><required>false</required><JointNameAttribute z:Ref="i65"/><MultiplierAttribute z:Ref="i66"/><OffsetAttribute z:Ref="i67"/></URDFElement></ChildElements><ElementName>joint</ElementName><required>false</required><Axis z:Ref="i46"/><AxisName/><Calibration z:Ref="i53"/><Child z:Ref="i44"/><CoordinateSystemName>?????????1</CoordinateSystemName><Dynamics z:Ref="i56"/><Limit z:Ref="i48"/><Mimic z:Ref="i64"/><NameAttribute z:Ref="i37"/><Origin z:Ref="i39"/><Parent z:Ref="i42"/><Safety z:Ref="i59"/><TypeAttribute z:Ref="i38"/></URDFElement></ChildElements><ElementName>link</ElementName><required>true</required><Children/><Collision z:Ref="i29"/><Inertial z:Ref="i3"/><Joint z:Ref="i36"/><NameAttribute z:Ref="i2"/><Parent i:nil="true"/><STLQualityFine>false</STLQualityFine><SWComponentPIDs xmlns:a="http://schemas.microsoft.com/2003/10/Serialization/Arrays"><a:base64Binary>KCMAAAUAAAD//v8P3JTxZzUAMABtAG0ALQA5AEAAZVwmXmaPxYhNkVNPBAAAABAAAAABAAAAAQAAALEAAAA=</a:base64Binary><a:base64Binary>KCMAAAUAAAD//v8P3JTxZzUAMABtAG0ALQA4AEAAZVwmXmaPxYhNkVNPBAAAABAAAAABAAAAAQAAAKQAAAA=</a:base64Binary><a:base64Binary>KCMAAAUAAAD//v8P3JTxZzUAMABtAG0ALQA2AEAAZVwmXmaPxYhNkVNPBAAAABAAAAABAAAAAQAAAKIAAAA=</a:base64Binary><a:base64Binary>KCMAAAUAAAD//v8P3JTxZzUAMABtAG0ALQA1AEAAZVwmXmaPxYhNkVNPBAAAABAAAAABAAAAAQAAAKEAAAA=</a:base64Binary><a:base64Binary>KCMAAAUAAAD//v8OZVwmXmaPlV5/Zy0AMQBAAGVcJl5mj8WITZFTTwQAAAAQAAAAAQAAAAEAAACKAAAA</a:base64Binary><a:base64Binary>KCMAAAUAAAD//v8P3JTxZzUAMABtAG0ALQA0AEAAZVwmXmaPxYhNkVNPBAAAABAAAAABAAAAAQAAAIEAAAA=</a:base64Binary><a:base64Binary>KCMAAAUAAAD//v8P3JTxZzUAMABtAG0ALQAzAEAAZVwmXmaPxYhNkVNPBAAAABAAAAABAAAAAQAAAIAAAAA=</a:base64Binary><a:base64Binary>KCMAAAUAAAD//v8P3JTxZzUAMABtAG0ALQAyAEAAZVwmXmaPxYhNkVNPBAAAABAAAAABAAAAAQAAAH8AAAA=</a:base64Binary><a:base64Binary>KCMAAAUAAAD//v8P3JTxZzUAMABtAG0ALQAxAEAAZVwmXmaPxYhNkVNPBAAAABAAAAABAAAAAQAAAH4AAAA=</a:base64Binary><a:base64Binary>KCMAAAUAAAD//v8PZVwmXveWvo9/ZzIALQAxAEAAZVwmXmaPxYhNkVNPBAAAABAAAAABAAAAAQAAAFsAAAA=</a:base64Binary><a:base64Binary>KCMAAAUAAAD//v8RJE5xmlgANQAtAHGaqFJ/Zy0AMgBAAGVcJl5mj8WITZFTTwQAAAAQAAAAAQAAAAEAAABLAAAA</a:base64Binary><a:base64Binary>KCMAAAUAAAD//v8NZVwmXnaYf2ctADEAQABlXCZeZo/FiE2RU08EAAAAEAAAAAEAAAABAAAAQgAAAA==</a:base64Binary><a:base64Binary>KCMAAAUAAAD//v8LQQAxAC0AMQBAAGVcJl5mj8WITZFTTwQAAAAQAAAAAQAAAAEAAABAAAAA</a:base64Binary><a:base64Binary>KCMAAAUAAAD//v8N7YvzlyFqV1ctADEAQABlXCZeZo/FiE2RU08EAAAAEAAAAAEAAAABAAAAPwAAAA==</a:base64Binary><a:base64Binary>KCMAAAUAAAD//v8MEWiTgz5tLQAxAEAAZVwmXmaPxYhNkVNPBAAAABAAAAABAAAAAQAAAD4AAAA=</a:base64Binary><a:base64Binary>KCMAAAUAAAD//v8VRGTPUDRZ9l5/lb9+UwBMAEQAUABSAFQALQAxAEAAZVwmXmaPxYhNkVNPBAAAABAAAAABAAAAAQAAAD0AAAA=</a:base64Binary><a:base64Binary>KCMAAAUAAAD//v8MRGTPUDRZLQAxAEAAZVwmXmaPxYhNkVNPBAAAABAAAAABAAAAAQAAADwAAAA=</a:base64Binary><a:base64Binary>KCMAAAUAAAD//v8N949gT/OXsXstADEAQABlXCZeZo/FiE2RU08EAAAAEAAAAAEAAAABAAAAOwAAAA==</a:base64Binary><a:base64Binary>KCMAAAUAAAD//v8NhY3wWOJsMgAtADEAQABlXCZeZo/FiE2RU08EAAAAEAAAAAEAAAABAAAAOgAAAA==</a:base64Binary><a:base64Binary>KCMAAAUAAAD//v8LNXVgbC0AMQBAAGVcJl5mj8WITZFTTwQAAAAQAAAAAQAAAAEAAAAyAAAA</a:base64Binary><a:base64Binary>KCMAAAUAAAD//v8NbmYakDV1OmctADIAQABlXCZeZo/FiE2RU08EAAAAEAAAAAEAAAABAAAAJgAAAA==</a:base64Binary><a:base64Binary>KCMAAAUAAAD//v8NbmYakDV1OmctADEAQABlXCZeZo/FiE2RU08EAAAAEAAAAAEAAAABAAAAJQAAAA==</a:base64Binary><a:base64Binary>KCMAAAUAAAD//v8QZVwmXm6PUFsoAPNTKQAtADIAQABlXCZeZo/FiE2RU08EAAAAEAAAAAEAAAABAAAAHQAAAA==</a:base64Binary><a:base64Binary>KCMAAAUAAAD//v8QZVwmXm6PUFsoAOZdKQAtADEAQABlXCZeZo/FiE2RU08EAAAAEAAAAAEAAAABAAAAFwAAAA==</a:base64Binary></SWComponentPIDs><SWMainComponentPID i:nil="true"/><Visual z:Ref="i16"/><isFixedFrame>false</isFixedFrame><isIncomplete>false</isIncomplete></Link>
2020-08-18 14:49:56,456 INFO  AssemblyExportForm.cs: 308 - Saving URDF package to E:\¿Í»§\ÐÂ°æ³µÐÍ\urdf\rikibot_tank_urdf
2020-08-18 14:49:56,456 INFO  ExportHelper.cs: 147 - Beginning the export process
2020-08-18 14:49:56,456 INFO  ExportHelper.cs: 153 - Creating package directories with name rikibot_tank_urdf and save path E:\¿Í»§\ÐÂ°æ³µÐÍ\urdf
2020-08-18 14:49:57,439 INFO  ExportHelper.cs: 162 - Creating CMakeLists.txt at E:\¿Í»§\ÐÂ°æ³µÐÍ\urdf\rikibot_tank_urdf\CMakeLists.txt
2020-08-18 14:49:57,439 INFO  ExportHelper.cs: 166 - Creating joint names config at E:\¿Í»§\ÐÂ°æ³µÐÍ\urdf\rikibot_tank_urdf\config\joint_names_rikibot_tank_urdf.yaml
2020-08-18 14:49:57,455 INFO  ExportHelper.cs: 170 - Creating package.xml at E:\¿Í»§\ÐÂ°æ³µÐÍ\urdf\rikibot_tank_urdf\package.xml
2020-08-18 14:49:57,455 INFO  PackageXMLWriter.cs: 21 - Creating package.xml at E:\¿Í»§\ÐÂ°æ³µÐÍ\urdf\rikibot_tank_urdf\package.xml
2020-08-18 14:49:57,455 INFO  ExportHelper.cs: 177 - Creating RVIZ launch file in E:\¿Í»§\ÐÂ°æ³µÐÍ\urdf\rikibot_tank_urdf\launch\
2020-08-18 14:49:57,455 INFO  ExportHelper.cs: 182 - Creating Gazebo launch file in E:\¿Í»§\ÐÂ°æ³µÐÍ\urdf\rikibot_tank_urdf\launch\
2020-08-18 14:49:57,455 INFO  ExportHelper.cs: 187 - Saving existing STL preferences
2020-08-18 14:49:57,455 INFO  ExportHelper.cs: 451 - Saving users preferences
2020-08-18 14:49:57,455 INFO  ExportHelper.cs: 190 - Modifying STL preferences
2020-08-18 14:49:57,455 INFO  ExportHelper.cs: 465 - Setting STL preferences
2020-08-18 14:49:57,470 INFO  ExportHelper.cs: 196 - Found 2 hidden components µ×°å-1, jetson_nano°å-1
2020-08-18 14:49:57,470 INFO  ExportHelper.cs: 197 - Hiding all components
2020-08-18 14:49:57,611 INFO  ExportHelper.cs: 204 - Beginning individual files export
2020-08-18 14:49:57,626 INFO  ExportHelper.cs: 270 - Exporting link: base_link
2020-08-18 14:49:57,626 INFO  ExportHelper.cs: 272 - Link base_link has 0 children
2020-08-18 14:49:57,626 INFO  ExportHelper.cs: 318 - base_link: Exporting STL with coordinate frame ×ø±êÏµ1
2020-08-18 14:49:57,626 INFO  ExportHelper.cs: 323 - base_link: Reference geometry name 
2020-08-18 14:49:57,985 INFO  ExportHelper.cs: 331 - Saving STL to E:\¿Í»§\ÐÂ°æ³µÐÍ\urdf\rikibot_tank_urdf\meshes\base_link.STL
2020-08-18 14:50:00,528 INFO  ExportHelper.cs: 406 - Removing SW header in STL file
2020-08-18 14:50:00,528 INFO  ExportHelper.cs: 145 - Showing all components except previously hidden components
2020-08-18 14:50:00,668 INFO  ExportHelper.cs: 145 - Resetting STL preferences
2020-08-18 14:50:00,668 INFO  ExportHelper.cs: 479 - Returning STL preferences to user preferences
2020-08-18 14:50:00,668 INFO  ExportHelper.cs: 228 - Writing URDF file to E:\¿Í»§\ÐÂ°æ³µÐÍ\urdf\rikibot_tank_urdf\urdf\rikibot_tank_urdf.urdf
2020-08-18 14:50:00,668 INFO  CSVImportExport.cs: 32 - Writing CSV file E:\¿Í»§\ÐÂ°æ³µÐÍ\urdf\rikibot_tank_urdf\urdf\rikibot_tank_urdf.csv
2020-08-18 14:50:00,699 ERROR CSVImportExport.cs: 132 - The following columns were not written to the CSV: Link.Joint.ChildLink.link,
2020-08-18 14:50:00,699 INFO  ExportHelper.cs: 234 - Copying log file
2020-08-18 14:50:00,699 INFO  ExportHelper.cs: 440 - Copying C:\Users\Administrator\sw2urdf_logs\sw2urdf.log to E:\¿Í»§\ÐÂ°æ³µÐÍ\urdf\rikibot_tank_urdf\export.log
